<?xml version="1.0" encoding="UTF-8"?>
<testng-results ignored="0" total="1" passed="1" failed="0" skipped="0">
  <reporter-output>
  </reporter-output>
  <suite started-at="2023-08-31T11:17:08 GMT-05:00" name="Default suite" finished-at="2023-08-31T11:17:08 GMT-05:00" duration-ms="70">
    <groups>
    </groups>
    <test started-at="2023-08-31T11:17:08 GMT-05:00" name="Default test" finished-at="2023-08-31T11:17:08 GMT-05:00" duration-ms="70">
      <class name="gitDemo.CommandsThree">
        <test-method signature="sampleTestThree()[pri:0, instance:gitDemo.CommandsThree@35e2d654]" started-at="2023-08-31T11:17:08 GMT-05:00" name="sampleTestThree" finished-at="2023-08-31T11:17:08 GMT-05:00" duration-ms="12" status="PASS">
          <reporter-output>
          </reporter-output>
        </test-method> <!-- sampleTestThree -->
      </class> <!-- gitDemo.CommandsThree -->
    </test> <!-- Default test -->
  </suite> <!-- Default suite -->
</testng-results>
